<?xml version="1.0" encoding="UTF-8"?>
<testsuite name="TestSuite" time="49.053" tests="4" errors="0" skipped="0" failures="1">
  <properties>
    <property name="java.runtime.name" value="Java(TM) SE Runtime Environment"/>
    <property name="sun.boot.library.path" value="D:\java1.8\jre\bin"/>
    <property name="java.vm.version" value="25.131-b11"/>
    <property name="java.vm.vendor" value="Oracle Corporation"/>
    <property name="java.vendor.url" value="http://java.oracle.com/"/>
    <property name="path.separator" value=";"/>
    <property name="guice.disable.misplaced.annotation.check" value="true"/>
    <property name="java.vm.name" value="Java HotSpot(TM) 64-Bit Server VM"/>
    <property name="file.encoding.pkg" value="sun.io"/>
    <property name="user.script" value=""/>
    <property name="user.country" value="CN"/>
    <property name="sun.java.launcher" value="SUN_STANDARD"/>
    <property name="sun.os.patch.level" value="Service Pack 1"/>
    <property name="java.vm.specification.name" value="Java Virtual Machine Specification"/>
    <property name="user.dir" value="D:\uiProject\autotest_wymall_backend"/>
    <property name="java.runtime.version" value="1.8.0_131-b11"/>
    <property name="java.awt.graphicsenv" value="sun.awt.Win32GraphicsEnvironment"/>
    <property name="basedir" value="D:\uiProject\autotest_wymall_backend"/>
    <property name="java.endorsed.dirs" value="D:\java1.8\jre\lib\endorsed"/>
    <property name="os.arch" value="amd64"/>
    <property name="java.io.tmpdir" value="C:\Users\ake\AppData\Local\Temp\"/>
    <property name="line.separator" value="&#10;"/>
    <property name="java.vm.specification.vendor" value="Oracle Corporation"/>
    <property name="user.variant" value=""/>
    <property name="os.name" value="Windows 7"/>
    <property name="classworlds.conf" value="D:\apache-maven-3.2.1\bin\m2.conf"/>
    <property name="sun.jnu.encoding" value="GBK"/>
    <property name="jnidispatch.path" value="C:\Users\ake\AppData\Local\Temp\jna-96635\jna5826698704430774570.dll"/>
    <property name="java.library.path" value="D:\java1.8\bin;C:\Windows\Sun\Java\bin;C:\Windows\system32;C:\Windows;C:\Windows\system32;C:\Windows;C:\Windows\System32\Wbem;C:\Windows\System32\WindowsPowerShell\v1.0\;D:\apache-maven-3.2.1\bin\;D:\java1.8\bin;D:\java1.8\jre\bin;C:\Program Files\TortoiseSVN\bin;D:\Program Files\nodejs\;D:\Program Files\Git\cmd;C:\Program Files\TortoiseGit\bin;D:\Python\Python37\Scripts\;D:\Python\Python37\;C:\Users\ake\AppData\Roaming\npm;D:\Programs\Microsoft VS Code\bin;."/>
    <property name="surefire.test.class.path" value="D:\uiProject\autotest_wymall_backend\target\test-classes;D:\uiProject\autotest_wymall_backend\target\classes;D:\.m2\repository\velocity\velocity-dep\1.4\velocity-dep-1.4.jar;D:\.m2\repository\org\uncommons\reportng\1.1.6\reportng-1.1.6.jar;D:\.m2\repository\velocity\velocity\1.4\velocity-1.4.jar;D:\.m2\repository\jaxen\jaxen\1.1.1\jaxen-1.1.1.jar;D:\.m2\repository\dom4j\dom4j\1.6.1\dom4j-1.6.1.jar;D:\.m2\repository\jdom\jdom\1.0\jdom-1.0.jar;D:\.m2\repository\xerces\xercesImpl\2.6.2\xercesImpl-2.6.2.jar;D:\.m2\repository\xom\xom\1.0\xom-1.0.jar;D:\.m2\repository\xerces\xmlParserAPIs\2.6.2\xmlParserAPIs-2.6.2.jar;D:\.m2\repository\xalan\xalan\2.6.0\xalan-2.6.0.jar;D:\.m2\repository\com\ibm\icu\icu4j\2.6.1\icu4j-2.6.1.jar;D:\.m2\repository\com\codeborne\phantomjsdriver\1.2.1\phantomjsdriver-1.2.1.jar;D:\.m2\repository\com\google\inject\guice\3.0\guice-3.0.jar;D:\.m2\repository\javax\inject\javax.inject\1\javax.inject-1.jar;D:\.m2\repository\aopalliance\aopalliance\1.0\aopalliance-1.0.jar;D:\.m2\repository\net\sourceforge\jexcelapi\jxl\2.6.12\jxl-2.6.12.jar;D:\.m2\repository\xml-apis\xml-apis\1.4.01\xml-apis-1.4.01.jar;D:\.m2\repository\org\seleniumhq\selenium\selenium-java\2.48.2\selenium-java-2.48.2.jar;D:\.m2\repository\org\seleniumhq\selenium\selenium-chrome-driver\2.48.2\selenium-chrome-driver-2.48.2.jar;D:\.m2\repository\org\seleniumhq\selenium\selenium-edge-driver\2.48.2\selenium-edge-driver-2.48.2.jar;D:\.m2\repository\commons-io\commons-io\2.4\commons-io-2.4.jar;D:\.m2\repository\org\seleniumhq\selenium\selenium-htmlunit-driver\2.48.2\selenium-htmlunit-driver-2.48.2.jar;D:\.m2\repository\net\sourceforge\htmlunit\htmlunit\2.18\htmlunit-2.18.jar;D:\.m2\repository\commons-collections\commons-collections\3.2.1\commons-collections-3.2.1.jar;D:\.m2\repository\org\apache\commons\commons-lang3\3.4\commons-lang3-3.4.jar;D:\.m2\repository\org\apache\httpcomponents\httpmime\4.5\httpmime-4.5.jar;D:\.m2\repository\net\sourceforge\htmlunit\htmlunit-core-js\2.17\htmlunit-core-js-2.17.jar;D:\.m2\repository\net\sourceforge\nekohtml\nekohtml\1.9.22\nekohtml-1.9.22.jar;D:\.m2\repository\net\sourceforge\cssparser\cssparser\0.9.16\cssparser-0.9.16.jar;D:\.m2\repository\org\w3c\css\sac\1.3\sac-1.3.jar;D:\.m2\repository\org\eclipse\jetty\websocket\websocket-client\9.2.12.v20150709\websocket-client-9.2.12.v20150709.jar;D:\.m2\repository\org\eclipse\jetty\jetty-util\9.2.12.v20150709\jetty-util-9.2.12.v20150709.jar;D:\.m2\repository\org\eclipse\jetty\jetty-io\9.2.12.v20150709\jetty-io-9.2.12.v20150709.jar;D:\.m2\repository\org\eclipse\jetty\websocket\websocket-common\9.2.12.v20150709\websocket-common-9.2.12.v20150709.jar;D:\.m2\repository\org\eclipse\jetty\websocket\websocket-api\9.2.12.v20150709\websocket-api-9.2.12.v20150709.jar;D:\.m2\repository\org\seleniumhq\selenium\selenium-firefox-driver\2.48.2\selenium-firefox-driver-2.48.2.jar;D:\.m2\repository\org\seleniumhq\selenium\selenium-ie-driver\2.48.2\selenium-ie-driver-2.48.2.jar;D:\.m2\repository\org\seleniumhq\selenium\selenium-safari-driver\2.48.2\selenium-safari-driver-2.48.2.jar;D:\.m2\repository\org\seleniumhq\selenium\selenium-support\2.48.2\selenium-support-2.48.2.jar;D:\.m2\repository\org\webbitserver\webbit\0.4.14\webbit-0.4.14.jar;D:\.m2\repository\io\netty\netty\3.5.2.Final\netty-3.5.2.Final.jar;D:\.m2\repository\org\seleniumhq\selenium\selenium-leg-rc\2.48.2\selenium-leg-rc-2.48.2.jar;D:\.m2\repository\org\apache\poi\poi-ooxml\3.10-FINAL\poi-ooxml-3.10-FINAL.jar;D:\.m2\repository\org\apache\poi\poi\3.10-FINAL\poi-3.10-FINAL.jar;D:\.m2\repository\commons-codec\commons-codec\1.5\commons-codec-1.5.jar;D:\.m2\repository\org\apache\poi\poi-ooxml-schemas\3.10-FINAL\poi-ooxml-schemas-3.10-FINAL.jar;D:\.m2\repository\org\apache\xmlbeans\xmlbeans\2.3.0\xmlbeans-2.3.0.jar;D:\.m2\repository\stax\stax-api\1.0.1\stax-api-1.0.1.jar;D:\.m2\repository\org\seleniumhq\selenium\selenium-remote-driver\2.48.2\selenium-remote-driver-2.48.2.jar;D:\.m2\repository\cglib\cglib-nodep\2.1_3\cglib-nodep-2.1_3.jar;D:\.m2\repository\com\google\code\gson\gson\2.3.1\gson-2.3.1.jar;D:\.m2\repository\org\seleniumhq\selenium\selenium-api\2.48.2\selenium-api-2.48.2.jar;D:\.m2\repository\org\apache\httpcomponents\httpclient\4.5.1\httpclient-4.5.1.jar;D:\.m2\repository\org\apache\httpcomponents\httpcore\4.4.3\httpcore-4.4.3.jar;D:\.m2\repository\com\google\guava\guava\18.0\guava-18.0.jar;D:\.m2\repository\org\apache\commons\commons-exec\1.3\commons-exec-1.3.jar;D:\.m2\repository\net\java\dev\jna\jna\4.1.0\jna-4.1.0.jar;D:\.m2\repository\net\java\dev\jna\jna-platform\4.1.0\jna-platform-4.1.0.jar;D:\.m2\repository\org\testng\testng\6.14.3\testng-6.14.3.jar;D:\.m2\repository\com\beust\jcommander\1.72\jcommander-1.72.jar;D:\.m2\repository\org\apache-extras\beanshell\bsh\2.0b6\bsh-2.0b6.jar;D:\.m2\repository\commons-configuration\commons-configuration\1.9\commons-configuration-1.9.jar;D:\.m2\repository\commons-lang\commons-lang\2.6\commons-lang-2.6.jar;D:\.m2\repository\commons-logging\commons-logging\1.1.1\commons-logging-1.1.1.jar;D:\.m2\repository\log4j\log4j\1.2.16\log4j-1.2.16.jar;D:\.m2\repository\com\thoughtworks\qdox\qdox\1.12.1\qdox-1.12.1.jar;D:\.m2\repository\org\apache\maven\plugins\maven-compiler-plugin\3.3\maven-compiler-plugin-3.3.jar;D:\.m2\repository\org\apache\maven\maven-plugin-api\2.2.1\maven-plugin-api-2.2.1.jar;D:\.m2\repository\org\apache\maven\maven-artifact\2.2.1\maven-artifact-2.2.1.jar;D:\.m2\repository\org\codehaus\plexus\plexus-utils\1.5.15\plexus-utils-1.5.15.jar;D:\.m2\repository\org\apache\maven\maven-core\2.2.1\maven-core-2.2.1.jar;D:\.m2\repository\org\apache\maven\maven-settings\2.2.1\maven-settings-2.2.1.jar;D:\.m2\repository\org\codehaus\plexus\plexus-interpolation\1.11\plexus-interpolation-1.11.jar;D:\.m2\repository\org\apache\maven\maven-plugin-parameter-documenter\2.2.1\maven-plugin-parameter-documenter-2.2.1.jar;D:\.m2\repository\org\apache\maven\wagon\wagon-http\1.0-beta-6\wagon-http-1.0-beta-6.jar;D:\.m2\repository\org\apache\maven\wagon\wagon-http-shared\1.0-beta-6\wagon-http-shared-1.0-beta-6.jar;D:\.m2\repository\nekohtml\xercesMinimal\1.9.6.2\xercesMinimal-1.9.6.2.jar;D:\.m2\repository\nekohtml\nekohtml\1.9.6.2\nekohtml-1.9.6.2.jar;D:\.m2\repository\commons-httpclient\commons-httpclient\3.1\commons-httpclient-3.1.jar;D:\.m2\repository\org\apache\maven\wagon\wagon-webdav-jackrabbit\1.0-beta-6\wagon-webdav-jackrabbit-1.0-beta-6.jar;D:\.m2\repository\org\apache\jackrabbit\jackrabbit-webdav\1.5.0\jackrabbit-webdav-1.5.0.jar;D:\.m2\repository\org\apache\jackrabbit\jackrabbit-jcr-commons\1.5.0\jackrabbit-jcr-commons-1.5.0.jar;D:\.m2\repository\org\slf4j\slf4j-nop\1.5.3\slf4j-nop-1.5.3.jar;D:\.m2\repository\org\slf4j\slf4j-jdk14\1.5.6\slf4j-jdk14-1.5.6.jar;D:\.m2\repository\org\slf4j\slf4j-api\1.5.6\slf4j-api-1.5.6.jar;D:\.m2\repository\org\slf4j\jcl-over-slf4j\1.5.6\jcl-over-slf4j-1.5.6.jar;D:\.m2\repository\org\apache\maven\maven-profile\2.2.1\maven-profile-2.2.1.jar;D:\.m2\repository\org\apache\maven\maven-model\2.2.1\maven-model-2.2.1.jar;D:\.m2\repository\org\apache\maven\wagon\wagon-provider-api\1.0-beta-6\wagon-provider-api-1.0-beta-6.jar;D:\.m2\repository\org\apache\maven\maven-repository-metadata\2.2.1\maven-repository-metadata-2.2.1.jar;D:\.m2\repository\org\apache\maven\maven-error-diagnostics\2.2.1\maven-error-diagnostics-2.2.1.jar;D:\.m2\repository\org\apache\maven\maven-project\2.2.1\maven-project-2.2.1.jar;D:\.m2\repository\org\apache\maven\maven-plugin-registry\2.2.1\maven-plugin-registry-2.2.1.jar;D:\.m2\repository\org\apache\maven\maven-plugin-descriptor\2.2.1\maven-plugin-descriptor-2.2.1.jar;D:\.m2\repository\org\apache\maven\maven-artifact-manager\2.2.1\maven-artifact-manager-2.2.1.jar;D:\.m2\repository\backport-util-concurrent\backport-util-concurrent\3.1\backport-util-concurrent-3.1.jar;D:\.m2\repository\org\apache\maven\maven-monitor\2.2.1\maven-monitor-2.2.1.jar;D:\.m2\repository\org\sonatype\plexus\plexus-sec-dispatcher\1.3\plexus-sec-dispatcher-1.3.jar;D:\.m2\repository\org\sonatype\plexus\plexus-cipher\1.4\plexus-cipher-1.4.jar;D:\.m2\repository\org\apache\maven\maven-toolchain\2.2.1\maven-toolchain-2.2.1.jar;D:\.m2\repository\org\apache\maven\shared\maven-shared-utils\0.7\maven-shared-utils-0.7.jar;D:\.m2\repository\com\google\code\findbugs\jsr305\2.0.1\jsr305-2.0.1.jar;D:\.m2\repository\org\apache\maven\shared\maven-shared-incremental\1.1\maven-shared-incremental-1.1.jar;D:\.m2\repository\org\codehaus\plexus\plexus-component-annotations\1.5.5\plexus-component-annotations-1.5.5.jar;D:\.m2\repository\org\codehaus\plexus\plexus-compiler-api\2.5\plexus-compiler-api-2.5.jar;D:\.m2\repository\org\codehaus\plexus\plexus-compiler-manager\2.5\plexus-compiler-manager-2.5.jar;D:\.m2\repository\org\codehaus\plexus\plexus-compiler-javac\2.5\plexus-compiler-javac-2.5.jar;D:\.m2\repository\org\codehaus\plexus\plexus-container-default\1.5.5\plexus-container-default-1.5.5.jar;D:\.m2\repository\org\codehaus\plexus\plexus-classworlds\2.2.2\plexus-classworlds-2.2.2.jar;D:\.m2\repository\org\apache\xbean\xbean-reflect\3.4\xbean-reflect-3.4.jar;D:\.m2\repository\commons-logging\commons-logging-api\1.1\commons-logging-api-1.1.jar;D:\.m2\repository\com\google\collections\google-collections\1.0\google-collections-1.0.jar;D:\.m2\repository\junit\junit\3.8.2\junit-3.8.2.jar;D:\.m2\repository\mysql\mysql-connector-java\5.1.34\mysql-connector-java-5.1.34.jar;D:\.m2\repository\org\apache\maven\surefire\surefire-testng-utils\2.18.1\surefire-testng-utils-2.18.1.jar;D:\.m2\repository\org\apache\maven\surefire\surefire-grouper\2.18.1\surefire-grouper-2.18.1.jar;"/>
    <property name="sun.awt.enableExtraMouseButtons" value="true"/>
    <property name="java.specification.name" value="Java Platform API Specification"/>
    <property name="java.class.version" value="52.0"/>
    <property name="sun.management.compiler" value="HotSpot 64-Bit Tiered Compilers"/>
    <property name="os.version" value="6.1"/>
    <property name="user.home" value="C:\Users\ake"/>
    <property name="user.timezone" value="Asia/Shanghai"/>
    <property name="java.awt.printerjob" value="sun.awt.windows.WPrinterJob"/>
    <property name="java.specification.version" value="1.8"/>
    <property name="file.encoding" value="GBK"/>
    <property name="user.name" value="ake"/>
    <property name="java.class.path" value="D:\apache-maven-3.2.1\boot\plexus-classworlds-2.5.1.jar"/>
    <property name="org.slf4j.simpleLogger.defaultLogLevel" value="info"/>
    <property name="java.vm.specification.version" value="1.8"/>
    <property name="sun.arch.data.model" value="64"/>
    <property name="java.home" value="D:\java1.8\jre"/>
    <property name="sun.java.command" value="org.codehaus.plexus.classworlds.launcher.Launcher test"/>
    <property name="java.specification.vendor" value="Oracle Corporation"/>
    <property name="user.language" value="zh"/>
    <property name="awt.toolkit" value="sun.awt.windows.WToolkit"/>
    <property name="java.vm.info" value="mixed mode"/>
    <property name="java.version" value="1.8.0_131"/>
    <property name="java.ext.dirs" value="D:\java1.8\jre\lib\ext;C:\Windows\Sun\Java\lib\ext"/>
    <property name="sun.boot.class.path" value="D:\java1.8\jre\lib\resources.jar;D:\java1.8\jre\lib\rt.jar;D:\java1.8\jre\lib\sunrsasign.jar;D:\java1.8\jre\lib\jsse.jar;D:\java1.8\jre\lib\jce.jar;D:\java1.8\jre\lib\charsets.jar;D:\java1.8\jre\lib\jfr.jar;D:\java1.8\jre\classes"/>
    <property name="webdriver.chrome.driver" value="res/driver/chrome/win/chromedriver.exe"/>
    <property name="sun.stderr.encoding" value="ms936"/>
    <property name="java.vendor" value="Oracle Corporation"/>
    <property name="maven.home" value="D:\apache-maven-3.2.1"/>
    <property name="localRepository" value="D:\.m2\repository"/>
    <property name="file.separator" value="\"/>
    <property name="java.vendor.url.bug" value="http://bugreport.sun.com/bugreport/"/>
    <property name="sun.cpu.endian" value="little"/>
    <property name="sun.io.unicode.encoding" value="UnicodeLittle"/>
    <property name="sun.stdout.encoding" value="ms936"/>
    <property name="sun.desktop" value="windows"/>
    <property name="sun.cpu.isalist" value="amd64"/>
  </properties>
  <testcase name="addRoleSuccess" classname="com.wymall.test.testcases.system.role.RolePage_001_addRoleSuccess_Test" time="12.383"/>
  <testcase name="settingRole" classname="com.wymall.test.testcases.system.role.RolePage_002_settingRole_Test" time="12.176"/>
  <testcase name="editRole" classname="com.wymall.test.testcases.system.role.RolePage_003_editRole_Test" time="11.409"/>
  <testcase name="delRoleSuccess" classname="com.wymall.test.testcases.system.role.RolePage_004_delRoleSuccess_Test" time="13.085">
    <failure message="期望的文字是 [操1作成功] 但是找到了 [操作成功]" type="java.lang.AssertionError">java.lang.AssertionError: 期望的文字是 [操1作成功] 但是找到了 [操作成功]
	at org.testng.Assert.fail(Assert.java:96)
	at com.wymall.test.utils.SeleniumUtil.isTextCorrect(SeleniumUtil.java:336)
	at com.wymall.test.utils.actions.impl.CheckTipsText.doAction(CheckTipsText.java:23)
	at com.wymall.test.utils.SuperAction.parseExcel(SuperAction.java:277)
	at com.wymall.test.testcases.system.role.RolePage_004_delRoleSuccess_Test.delRoleSuccess(RolePage_004_delRoleSuccess_Test.java:8)
</failure>
    <system-out><![CDATA[[2018-08-28 11:35:20] [INFO] delRoleSuccess 测试用例开始执行！
[2018-08-28 11:35:20] [INFO] 正在解析excel:[system/Role.xlsx]中的sheet(用例)：[004_delRoleSuccess]的第1行步骤...
{CASE_NAME=004_delRoleSuccess, LOCATOR_TYPE=null, FUNCTION_NAME=system/Role, SELENIUM_UTIL=com.wymall.test.utils.SeleniumUtil@25e2b038, LOCATOR_VALUE=null, TEST_DATA=, LOCATOR_ELE=}
[2018-08-28 11:35:20] [INFO] 开始查找元素[By.xpath: //i[@class='ion-grid']]
[2018-08-28 11:35:20] [INFO] 找到了元素 [By.xpath: //i[@class='ion-grid']]
[2018-08-28 11:35:20] [INFO] 点击元素 [By.xpath: //i[@class='ion-grid']]
[2018-08-28 11:35:21] [INFO] 页面加载完成
[2018-08-28 11:35:21] [INFO] 开始查找元素[By.xpath: //div[@class='tab-list-wrapper scale-box']//li[contains(text(),'关闭所有标签页')]]
[2018-08-28 11:35:21] [INFO] 找到了元素 [By.xpath: //div[@class='tab-list-wrapper scale-box']//li[contains(text(),'关闭所有标签页')]]
[2018-08-28 11:35:21] [INFO] 点击元素 [By.xpath: //div[@class='tab-list-wrapper scale-box']//li[contains(text(),'关闭所有标签页')]]
[2018-08-28 11:35:22] [INFO] 页面加载完成
[2018-08-28 11:35:22] [INFO] 正在解析excel:[system/Role.xlsx]中的sheet(用例)：[004_delRoleSuccess]的第2行步骤...
{CASE_NAME=004_delRoleSuccess, LOCATOR_TYPE=xpath, FUNCTION_NAME=system/Role, SELENIUM_UTIL=com.wymall.test.utils.SeleniumUtil@25e2b038, LOCATOR_VALUE=//div[@id='menu_box']//a[contains(text(), "系统管理")], TEST_DATA=, LOCATOR_ELE=RolePage.系统管理}
[2018-08-28 11:35:22] [INFO] 开始查找元素[By.xpath: //div[@id='menu_box']//a[contains(text(), "系统管理")]]
[2018-08-28 11:35:22] [INFO] 找到了元素 [By.xpath: //div[@id='menu_box']//a[contains(text(), "系统管理")]]
[2018-08-28 11:35:22] [INFO] 点击元素 [By.xpath: //div[@id='menu_box']//a[contains(text(), "系统管理")]]
[2018-08-28 11:35:23] [INFO] 页面加载完成
[2018-08-28 11:35:23] [INFO] 正在解析excel:[system/Role.xlsx]中的sheet(用例)：[004_delRoleSuccess]的第3行步骤...
{CASE_NAME=004_delRoleSuccess, LOCATOR_TYPE=xpath, FUNCTION_NAME=system/Role, SELENIUM_UTIL=com.wymall.test.utils.SeleniumUtil@25e2b038, LOCATOR_VALUE=//li/a[@id='2200'], TEST_DATA=, LOCATOR_ELE=RolePage.角色管理}
[2018-08-28 11:35:23] [INFO] 开始查找元素[By.xpath: //li/a[@id='2200']]
[2018-08-28 11:35:23] [INFO] 找到了元素 [By.xpath: //li/a[@id='2200']]
[2018-08-28 11:35:23] [INFO] 点击元素 [By.xpath: //li/a[@id='2200']]
[2018-08-28 11:35:24] [INFO] 页面加载完成
[2018-08-28 11:35:24] [INFO] 正在解析excel:[system/Role.xlsx]中的sheet(用例)：[004_delRoleSuccess]的第4行步骤...
{CASE_NAME=004_delRoleSuccess, LOCATOR_TYPE=xpath, FUNCTION_NAME=system/Role, SELENIUM_UTIL=com.wymall.test.utils.SeleniumUtil@25e2b038, LOCATOR_VALUE=//li/a[@id='2200'], TEST_DATA=1角色管理界面, LOCATOR_ELE=}
[2018-08-28 11:35:24] [INFO] 正在解析excel:[system/Role.xlsx]中的sheet(用例)：[004_delRoleSuccess]的第5行步骤...
{CASE_NAME=004_delRoleSuccess, LOCATOR_TYPE=xpath, FUNCTION_NAME=system/Role, SELENIUM_UTIL=com.wymall.test.utils.SeleniumUtil@25e2b038, LOCATOR_VALUE=//input[@placeholder='角色名称'], TEST_DATA=UI测试角色修改后, LOCATOR_ELE=RolePage.搜索框}
[2018-08-28 11:35:24] [INFO] 开始查找元素[By.xpath: //input[@placeholder='角色名称']]
[2018-08-28 11:35:24] [INFO] 找到了元素 [By.xpath: //input[@placeholder='角色名称']]
[2018-08-28 11:35:26] [INFO] 输入：[UI测试角色修改后] 到 [By.xpath: //input[@placeholder='角色名称']]
[2018-08-28 11:35:26] [INFO] 正在解析excel:[system/Role.xlsx]中的sheet(用例)：[004_delRoleSuccess]的第6行步骤...
{CASE_NAME=004_delRoleSuccess, LOCATOR_TYPE=xpath, FUNCTION_NAME=system/Role, SELENIUM_UTIL=com.wymall.test.utils.SeleniumUtil@25e2b038, LOCATOR_VALUE=//div[@class='form-group search-group'], TEST_DATA=, LOCATOR_ELE=RolePage.搜索按钮}
[2018-08-28 11:35:26] [INFO] 开始查找元素[By.xpath: //div[@class='form-group search-group']]
[2018-08-28 11:35:26] [INFO] 找到了元素 [By.xpath: //div[@class='form-group search-group']]
[2018-08-28 11:35:26] [INFO] 点击元素 [By.xpath: //div[@class='form-group search-group']]
[2018-08-28 11:35:27] [INFO] 页面加载完成
[2018-08-28 11:35:27] [INFO] 正在解析excel:[system/Role.xlsx]中的sheet(用例)：[004_delRoleSuccess]的第7行步骤...
{CASE_NAME=004_delRoleSuccess, LOCATOR_TYPE=xpath, FUNCTION_NAME=system/Role, SELENIUM_UTIL=com.wymall.test.utils.SeleniumUtil@25e2b038, LOCATOR_VALUE=//div[@class='form-group search-group'], TEST_DATA=2角色搜索界面, LOCATOR_ELE=}
[2018-08-28 11:35:27] [INFO] 正在解析excel:[system/Role.xlsx]中的sheet(用例)：[004_delRoleSuccess]的第8行步骤...
{CASE_NAME=004_delRoleSuccess, LOCATOR_TYPE=xpath, FUNCTION_NAME=system/Role, SELENIUM_UTIL=com.wymall.test.utils.SeleniumUtil@25e2b038, LOCATOR_VALUE=//*[@id="authzRoleTable"]//div[@class='el-table__fixed-right']//i[@class='el-icon-delete'], TEST_DATA=, LOCATOR_ELE=RolePage.删除}
[2018-08-28 11:35:27] [INFO] 开始查找元素[By.xpath: //*[@id="authzRoleTable"]//div[@class='el-table__fixed-right']//i[@class='el-icon-delete']]
[2018-08-28 11:35:27] [INFO] 找到了元素 [By.xpath: //*[@id="authzRoleTable"]//div[@class='el-table__fixed-right']//i[@class='el-icon-delete']]
[2018-08-28 11:35:27] [INFO] 点击元素 [By.xpath: //*[@id="authzRoleTable"]//div[@class='el-table__fixed-right']//i[@class='el-icon-delete']]
[2018-08-28 11:35:28] [INFO] 页面加载完成
[2018-08-28 11:35:28] [INFO] 正在解析excel:[system/Role.xlsx]中的sheet(用例)：[004_delRoleSuccess]的第9行步骤...
{CASE_NAME=004_delRoleSuccess, LOCATOR_TYPE=xpath, FUNCTION_NAME=system/Role, SELENIUM_UTIL=com.wymall.test.utils.SeleniumUtil@25e2b038, LOCATOR_VALUE=//*[@id="authzRoleTable"]//div[@class='el-table__fixed-right']//i[@class='el-icon-delete'], TEST_DATA=3删除截图, LOCATOR_ELE=}
[2018-08-28 11:35:28] [INFO] 正在解析excel:[system/Role.xlsx]中的sheet(用例)：[004_delRoleSuccess]的第10行步骤...
{CASE_NAME=004_delRoleSuccess, LOCATOR_TYPE=xpath, FUNCTION_NAME=system/Role, SELENIUM_UTIL=com.wymall.test.utils.SeleniumUtil@25e2b038, LOCATOR_VALUE=//*[@id="app"]//button[contains(text(),'确认')], TEST_DATA=, LOCATOR_ELE=RolePage.删除-确认}
[2018-08-28 11:35:28] [INFO] 开始查找元素[By.xpath: //*[@id="app"]//button[contains(text(),'确认')]]
[2018-08-28 11:35:28] [INFO] 找到了元素 [By.xpath: //*[@id="app"]//button[contains(text(),'确认')]]
[2018-08-28 11:35:28] [INFO] 点击元素 [By.xpath: //*[@id="app"]//button[contains(text(),'确认')]]
[2018-08-28 11:35:33] [INFO] 页面加载完成
[2018-08-28 11:35:33] [INFO] 正在解析excel:[system/Role.xlsx]中的sheet(用例)：[004_delRoleSuccess]的第11行步骤...
{CASE_NAME=004_delRoleSuccess, LOCATOR_TYPE=xpath, FUNCTION_NAME=system/Role, SELENIUM_UTIL=com.wymall.test.utils.SeleniumUtil@25e2b038, LOCATOR_VALUE=//div[@class='toast-wrapper'], TEST_DATA=操1作成功, LOCATOR_ELE=RolePage.操作成功-提示}
[2018-08-28 11:35:33] [INFO] 页面元素:[By.xpath: //div[@class='toast-wrapper']]已变化
[2018-08-28 11:35:33] [ERROR] 期望的文字是 [操1作成功] 但是找到了 [操作成功]
[2018-08-28 11:35:33] [WARN] delRoleSuccess 测试用例执行失败！
[2018-08-28 11:35:33] [INFO] [运行错误_2018_08_28_11_35_33] 截图成功，保存在：[ result\screenshot\system/Role\004_delRoleSuccess\运行错误_2018_08_28_11_35_33.jpg ]
]]></system-out>
  </testcase>
</testsuite>