<?xml version="1.0" encoding="UTF-8"?>
<testsuite name="TestSuite" time="0" tests="0" errors="0" skipped="0" failures="0">
  <properties>
    <property name="java.runtime.name" value="Java(TM) SE Runtime Environment"/>
    <property name="sun.boot.library.path" value="C:\JDK18077\jdk1.8.0_77\jre\bin"/>
    <property name="java.vm.version" value="25.77-b03"/>
    <property name="java.vm.vendor" value="Oracle Corporation"/>
    <property name="maven.multiModuleProjectDirectory" value="D:\uiProject\autotest_wymall_backend"/>
    <property name="java.vendor.url" value="http://java.oracle.com/"/>
    <property name="path.separator" value=";"/>
    <property name="guice.disable.misplaced.annotation.check" value="true"/>
    <property name="java.vm.name" value="Java HotSpot(TM) 64-Bit Server VM"/>
    <property name="file.encoding.pkg" value="sun.io"/>
    <property name="user.script" value=""/>
    <property name="user.country" value="CN"/>
    <property name="sun.java.launcher" value="SUN_STANDARD"/>
    <property name="sun.os.patch.level" value="Service Pack 1"/>
    <property name="java.vm.specification.name" value="Java Virtual Machine Specification"/>
    <property name="user.dir" value="D:\uiProject\autotest_wymall_backend"/>
    <property name="java.runtime.version" value="1.8.0_77-b03"/>
    <property name="java.awt.graphicsenv" value="sun.awt.Win32GraphicsEnvironment"/>
    <property name="basedir" value="D:\uiProject\autotest_wymall_backend"/>
    <property name="java.endorsed.dirs" value="C:\JDK18077\jdk1.8.0_77\jre\lib\endorsed"/>
    <property name="os.arch" value="amd64"/>
    <property name="java.io.tmpdir" value="C:\Users\ake\AppData\Local\Temp\"/>
    <property name="line.separator" value="&#10;"/>
    <property name="java.vm.specification.vendor" value="Oracle Corporation"/>
    <property name="user.variant" value=""/>
    <property name="os.name" value="Windows 7"/>
    <property name="classworlds.conf" value="C:\Program Files\Apache\Maven\apache-maven-3.5.3\bin\..\bin\m2.conf"/>
    <property name="sun.jnu.encoding" value="GBK"/>
    <property name="java.library.path" value="C:\JDK18077\jdk1.8.0_77\bin;C:\Windows\Sun\Java\bin;C:\Windows\system32;C:\Windows;C:\JDK18077\jdk1.8.0_77\bin;C:\JDK18077\jdk1.8.0_77\jre\bin;C:\Program Files (x86)\Common Files\Oracle\Java\javapath;C:\JDK18077\jdk1.8.0_77\bin;C:\JDK18077\jdk1.8.0_77\jre\bin;C:\Program Files\Git\cmd;C:\Program Files\TortoiseSVN\bin;C:\Program Files\Apache\Maven\apache-maven-3.5.3\bin;;C:\Windows\system32;C:\Windows;C:\Windows\system32\wbem;C:\Program Files\MySQL\MySQL Utilities 1.6\;D:\apache-maven-3.5.3\bin;D:\apache-maven-3.5.3\bin;;."/>
    <property name="surefire.test.class.path" value="D:\uiProject\autotest_wymall_backend\target\test-classes;D:\uiProject\autotest_wymall_backend\target\classes;d:\mh\.m2\repo\velocity\velocity-dep\1.4\velocity-dep-1.4.jar;d:\mh\.m2\repo\org\uncommons\reportng\1.1.4\reportng-1.1.4.jar;d:\mh\.m2\repo\velocity\velocity\1.4\velocity-1.4.jar;d:\mh\.m2\repo\jaxen\jaxen\1.1.1\jaxen-1.1.1.jar;d:\mh\.m2\repo\dom4j\dom4j\1.6.1\dom4j-1.6.1.jar;d:\mh\.m2\repo\jdom\jdom\1.0\jdom-1.0.jar;d:\mh\.m2\repo\xerces\xercesImpl\2.6.2\xercesImpl-2.6.2.jar;d:\mh\.m2\repo\xom\xom\1.0\xom-1.0.jar;d:\mh\.m2\repo\xerces\xmlParserAPIs\2.6.2\xmlParserAPIs-2.6.2.jar;d:\mh\.m2\repo\xalan\xalan\2.6.0\xalan-2.6.0.jar;d:\mh\.m2\repo\com\ibm\icu\icu4j\2.6.1\icu4j-2.6.1.jar;d:\mh\.m2\repo\com\codeborne\phantomjsdriver\1.2.1\phantomjsdriver-1.2.1.jar;d:\mh\.m2\repo\com\google\inject\guice\3.0\guice-3.0.jar;d:\mh\.m2\repo\javax\inject\javax.inject\1\javax.inject-1.jar;d:\mh\.m2\repo\aopalliance\aopalliance\1.0\aopalliance-1.0.jar;d:\mh\.m2\repo\net\sourceforge\jexcelapi\jxl\2.6.12\jxl-2.6.12.jar;d:\mh\.m2\repo\xml-apis\xml-apis\1.4.01\xml-apis-1.4.01.jar;d:\mh\.m2\repo\org\seleniumhq\selenium\selenium-java\2.48.2\selenium-java-2.48.2.jar;d:\mh\.m2\repo\org\seleniumhq\selenium\selenium-chrome-driver\2.48.2\selenium-chrome-driver-2.48.2.jar;d:\mh\.m2\repo\org\seleniumhq\selenium\selenium-edge-driver\2.48.2\selenium-edge-driver-2.48.2.jar;d:\mh\.m2\repo\commons-io\commons-io\2.4\commons-io-2.4.jar;d:\mh\.m2\repo\org\seleniumhq\selenium\selenium-htmlunit-driver\2.48.2\selenium-htmlunit-driver-2.48.2.jar;d:\mh\.m2\repo\net\sourceforge\htmlunit\htmlunit\2.18\htmlunit-2.18.jar;d:\mh\.m2\repo\commons-collections\commons-collections\3.2.1\commons-collections-3.2.1.jar;d:\mh\.m2\repo\org\apache\commons\commons-lang3\3.4\commons-lang3-3.4.jar;d:\mh\.m2\repo\org\apache\httpcomponents\httpmime\4.5\httpmime-4.5.jar;d:\mh\.m2\repo\net\sourceforge\htmlunit\htmlunit-core-js\2.17\htmlunit-core-js-2.17.jar;d:\mh\.m2\repo\net\sourceforge\nekohtml\nekohtml\1.9.22\nekohtml-1.9.22.jar;d:\mh\.m2\repo\net\sourceforge\cssparser\cssparser\0.9.16\cssparser-0.9.16.jar;d:\mh\.m2\repo\org\w3c\css\sac\1.3\sac-1.3.jar;d:\mh\.m2\repo\org\eclipse\jetty\websocket\websocket-client\9.2.12.v20150709\websocket-client-9.2.12.v20150709.jar;d:\mh\.m2\repo\org\eclipse\jetty\jetty-util\9.2.12.v20150709\jetty-util-9.2.12.v20150709.jar;d:\mh\.m2\repo\org\eclipse\jetty\jetty-io\9.2.12.v20150709\jetty-io-9.2.12.v20150709.jar;d:\mh\.m2\repo\org\eclipse\jetty\websocket\websocket-common\9.2.12.v20150709\websocket-common-9.2.12.v20150709.jar;d:\mh\.m2\repo\org\eclipse\jetty\websocket\websocket-api\9.2.12.v20150709\websocket-api-9.2.12.v20150709.jar;d:\mh\.m2\repo\org\seleniumhq\selenium\selenium-firefox-driver\2.48.2\selenium-firefox-driver-2.48.2.jar;d:\mh\.m2\repo\org\seleniumhq\selenium\selenium-ie-driver\2.48.2\selenium-ie-driver-2.48.2.jar;d:\mh\.m2\repo\org\seleniumhq\selenium\selenium-safari-driver\2.48.2\selenium-safari-driver-2.48.2.jar;d:\mh\.m2\repo\org\seleniumhq\selenium\selenium-support\2.48.2\selenium-support-2.48.2.jar;d:\mh\.m2\repo\org\webbitserver\webbit\0.4.14\webbit-0.4.14.jar;d:\mh\.m2\repo\io\netty\netty\3.5.2.Final\netty-3.5.2.Final.jar;d:\mh\.m2\repo\org\seleniumhq\selenium\selenium-leg-rc\2.48.2\selenium-leg-rc-2.48.2.jar;d:\mh\.m2\repo\org\apache\poi\poi-ooxml\3.10-FINAL\poi-ooxml-3.10-FINAL.jar;d:\mh\.m2\repo\org\apache\poi\poi\3.10-FINAL\poi-3.10-FINAL.jar;d:\mh\.m2\repo\commons-codec\commons-codec\1.5\commons-codec-1.5.jar;d:\mh\.m2\repo\org\apache\poi\poi-ooxml-schemas\3.10-FINAL\poi-ooxml-schemas-3.10-FINAL.jar;d:\mh\.m2\repo\org\apache\xmlbeans\xmlbeans\2.3.0\xmlbeans-2.3.0.jar;d:\mh\.m2\repo\stax\stax-api\1.0.1\stax-api-1.0.1.jar;d:\mh\.m2\repo\org\seleniumhq\selenium\selenium-remote-driver\2.48.2\selenium-remote-driver-2.48.2.jar;d:\mh\.m2\repo\cglib\cglib-nodep\2.1_3\cglib-nodep-2.1_3.jar;d:\mh\.m2\repo\com\google\code\gson\gson\2.3.1\gson-2.3.1.jar;d:\mh\.m2\repo\org\seleniumhq\selenium\selenium-api\2.48.2\selenium-api-2.48.2.jar;d:\mh\.m2\repo\org\apache\httpcomponents\httpclient\4.5.1\httpclient-4.5.1.jar;d:\mh\.m2\repo\org\apache\httpcomponents\httpcore\4.4.3\httpcore-4.4.3.jar;d:\mh\.m2\repo\com\google\guava\guava\18.0\guava-18.0.jar;d:\mh\.m2\repo\org\apache\commons\commons-exec\1.3\commons-exec-1.3.jar;d:\mh\.m2\repo\net\java\dev\jna\jna\4.1.0\jna-4.1.0.jar;d:\mh\.m2\repo\net\java\dev\jna\jna-platform\4.1.0\jna-platform-4.1.0.jar;d:\mh\.m2\repo\org\testng\testng\6.14.3\testng-6.14.3.jar;d:\mh\.m2\repo\com\beust\jcommander\1.72\jcommander-1.72.jar;d:\mh\.m2\repo\org\apache-extras\beanshell\bsh\2.0b6\bsh-2.0b6.jar;d:\mh\.m2\repo\commons-configuration\commons-configuration\1.9\commons-configuration-1.9.jar;d:\mh\.m2\repo\commons-lang\commons-lang\2.6\commons-lang-2.6.jar;d:\mh\.m2\repo\commons-logging\commons-logging\1.1.1\commons-logging-1.1.1.jar;d:\mh\.m2\repo\log4j\log4j\1.2.16\log4j-1.2.16.jar;d:\mh\.m2\repo\com\thoughtworks\qdox\qdox\1.12.1\qdox-1.12.1.jar;d:\mh\.m2\repo\org\apache\maven\plugins\maven-compiler-plugin\3.3\maven-compiler-plugin-3.3.jar;d:\mh\.m2\repo\org\apache\maven\maven-plugin-api\2.2.1\maven-plugin-api-2.2.1.jar;d:\mh\.m2\repo\org\apache\maven\maven-artifact\2.2.1\maven-artifact-2.2.1.jar;d:\mh\.m2\repo\org\codehaus\plexus\plexus-utils\1.5.15\plexus-utils-1.5.15.jar;d:\mh\.m2\repo\org\apache\maven\maven-core\2.2.1\maven-core-2.2.1.jar;d:\mh\.m2\repo\org\apache\maven\maven-settings\2.2.1\maven-settings-2.2.1.jar;d:\mh\.m2\repo\org\codehaus\plexus\plexus-interpolation\1.11\plexus-interpolation-1.11.jar;d:\mh\.m2\repo\org\apache\maven\maven-plugin-parameter-documenter\2.2.1\maven-plugin-parameter-documenter-2.2.1.jar;d:\mh\.m2\repo\org\apache\maven\wagon\wagon-http\1.0-beta-6\wagon-http-1.0-beta-6.jar;d:\mh\.m2\repo\org\apache\maven\wagon\wagon-http-shared\1.0-beta-6\wagon-http-shared-1.0-beta-6.jar;d:\mh\.m2\repo\nekohtml\xercesMinimal\1.9.6.2\xercesMinimal-1.9.6.2.jar;d:\mh\.m2\repo\nekohtml\nekohtml\1.9.6.2\nekohtml-1.9.6.2.jar;d:\mh\.m2\repo\commons-httpclient\commons-httpclient\3.1\commons-httpclient-3.1.jar;d:\mh\.m2\repo\org\apache\maven\wagon\wagon-webdav-jackrabbit\1.0-beta-6\wagon-webdav-jackrabbit-1.0-beta-6.jar;d:\mh\.m2\repo\org\apache\jackrabbit\jackrabbit-webdav\1.5.0\jackrabbit-webdav-1.5.0.jar;d:\mh\.m2\repo\org\apache\jackrabbit\jackrabbit-jcr-commons\1.5.0\jackrabbit-jcr-commons-1.5.0.jar;d:\mh\.m2\repo\org\slf4j\slf4j-nop\1.5.3\slf4j-nop-1.5.3.jar;d:\mh\.m2\repo\org\slf4j\slf4j-jdk14\1.5.6\slf4j-jdk14-1.5.6.jar;d:\mh\.m2\repo\org\slf4j\slf4j-api\1.5.6\slf4j-api-1.5.6.jar;d:\mh\.m2\repo\org\slf4j\jcl-over-slf4j\1.5.6\jcl-over-slf4j-1.5.6.jar;d:\mh\.m2\repo\org\apache\maven\maven-profile\2.2.1\maven-profile-2.2.1.jar;d:\mh\.m2\repo\org\apache\maven\maven-model\2.2.1\maven-model-2.2.1.jar;d:\mh\.m2\repo\org\apache\maven\wagon\wagon-provider-api\1.0-beta-6\wagon-provider-api-1.0-beta-6.jar;d:\mh\.m2\repo\org\apache\maven\maven-repository-metadata\2.2.1\maven-repository-metadata-2.2.1.jar;d:\mh\.m2\repo\org\apache\maven\maven-error-diagnostics\2.2.1\maven-error-diagnostics-2.2.1.jar;d:\mh\.m2\repo\org\apache\maven\maven-project\2.2.1\maven-project-2.2.1.jar;d:\mh\.m2\repo\org\apache\maven\maven-plugin-registry\2.2.1\maven-plugin-registry-2.2.1.jar;d:\mh\.m2\repo\org\apache\maven\maven-plugin-descriptor\2.2.1\maven-plugin-descriptor-2.2.1.jar;d:\mh\.m2\repo\org\apache\maven\maven-artifact-manager\2.2.1\maven-artifact-manager-2.2.1.jar;d:\mh\.m2\repo\backport-util-concurrent\backport-util-concurrent\3.1\backport-util-concurrent-3.1.jar;d:\mh\.m2\repo\org\apache\maven\maven-monitor\2.2.1\maven-monitor-2.2.1.jar;d:\mh\.m2\repo\org\sonatype\plexus\plexus-sec-dispatcher\1.3\plexus-sec-dispatcher-1.3.jar;d:\mh\.m2\repo\org\sonatype\plexus\plexus-cipher\1.4\plexus-cipher-1.4.jar;d:\mh\.m2\repo\org\apache\maven\maven-toolchain\2.2.1\maven-toolchain-2.2.1.jar;d:\mh\.m2\repo\org\apache\maven\shared\maven-shared-utils\0.7\maven-shared-utils-0.7.jar;d:\mh\.m2\repo\com\google\code\findbugs\jsr305\2.0.1\jsr305-2.0.1.jar;d:\mh\.m2\repo\org\apache\maven\shared\maven-shared-incremental\1.1\maven-shared-incremental-1.1.jar;d:\mh\.m2\repo\org\codehaus\plexus\plexus-component-annotations\1.5.5\plexus-component-annotations-1.5.5.jar;d:\mh\.m2\repo\org\codehaus\plexus\plexus-compiler-api\2.5\plexus-compiler-api-2.5.jar;d:\mh\.m2\repo\org\codehaus\plexus\plexus-compiler-manager\2.5\plexus-compiler-manager-2.5.jar;d:\mh\.m2\repo\org\codehaus\plexus\plexus-compiler-javac\2.5\plexus-compiler-javac-2.5.jar;d:\mh\.m2\repo\org\codehaus\plexus\plexus-container-default\1.5.5\plexus-container-default-1.5.5.jar;d:\mh\.m2\repo\org\codehaus\plexus\plexus-classworlds\2.2.2\plexus-classworlds-2.2.2.jar;d:\mh\.m2\repo\org\apache\xbean\xbean-reflect\3.4\xbean-reflect-3.4.jar;d:\mh\.m2\repo\commons-logging\commons-logging-api\1.1\commons-logging-api-1.1.jar;d:\mh\.m2\repo\com\google\collections\google-collections\1.0\google-collections-1.0.jar;d:\mh\.m2\repo\junit\junit\3.8.2\junit-3.8.2.jar;d:\mh\.m2\repo\mysql\mysql-connector-java\5.1.34\mysql-connector-java-5.1.34.jar;d:\mh\.m2\repo\org\apache\maven\surefire\surefire-testng-utils\2.18.1\surefire-testng-utils-2.18.1.jar;d:\mh\.m2\repo\org\apache\maven\surefire\surefire-grouper\2.18.1\surefire-grouper-2.18.1.jar;"/>
    <property name="maven.conf" value="C:\Program Files\Apache\Maven\apache-maven-3.5.3\bin\../conf"/>
    <property name="java.specification.name" value="Java Platform API Specification"/>
    <property name="java.class.version" value="52.0"/>
    <property name="sun.management.compiler" value="HotSpot 64-Bit Tiered Compilers"/>
    <property name="os.version" value="6.1"/>
    <property name="library.jansi.path" value="C:\Program Files\Apache\Maven\apache-maven-3.5.3\bin\..\lib\jansi-native"/>
    <property name="user.home" value="C:\Users\ake"/>
    <property name="user.timezone" value="Asia/Shanghai"/>
    <property name="java.awt.printerjob" value="sun.awt.windows.WPrinterJob"/>
    <property name="java.specification.version" value="1.8"/>
    <property name="file.encoding" value="GBK"/>
    <property name="user.name" value="ake"/>
    <property name="java.class.path" value="C:\Program Files\Apache\Maven\apache-maven-3.5.3\bin\..\boot\plexus-classworlds-2.5.2.jar"/>
    <property name="java.vm.specification.version" value="1.8"/>
    <property name="sun.arch.data.model" value="64"/>
    <property name="java.home" value="C:\JDK18077\jdk1.8.0_77\jre"/>
    <property name="sun.java.command" value="org.codehaus.plexus.classworlds.launcher.Launcher install"/>
    <property name="java.specification.vendor" value="Oracle Corporation"/>
    <property name="user.language" value="zh"/>
    <property name="awt.toolkit" value="sun.awt.windows.WToolkit"/>
    <property name="java.vm.info" value="mixed mode"/>
    <property name="java.version" value="1.8.0_77"/>
    <property name="java.ext.dirs" value="C:\JDK18077\jdk1.8.0_77\jre\lib\ext;C:\Windows\Sun\Java\lib\ext"/>
    <property name="sun.boot.class.path" value="C:\JDK18077\jdk1.8.0_77\jre\lib\resources.jar;C:\JDK18077\jdk1.8.0_77\jre\lib\rt.jar;C:\JDK18077\jdk1.8.0_77\jre\lib\sunrsasign.jar;C:\JDK18077\jdk1.8.0_77\jre\lib\jsse.jar;C:\JDK18077\jdk1.8.0_77\jre\lib\jce.jar;C:\JDK18077\jdk1.8.0_77\jre\lib\charsets.jar;C:\JDK18077\jdk1.8.0_77\jre\lib\jfr.jar;C:\JDK18077\jdk1.8.0_77\jre\classes"/>
    <property name="sun.stderr.encoding" value="ms936"/>
    <property name="java.vendor" value="Oracle Corporation"/>
    <property name="maven.home" value="C:\Program Files\Apache\Maven\apache-maven-3.5.3\bin\.."/>
    <property name="localRepository" value="d:\mh\.m2\repo"/>
    <property name="file.separator" value="\"/>
    <property name="java.vendor.url.bug" value="http://bugreport.sun.com/bugreport/"/>
    <property name="sun.cpu.endian" value="little"/>
    <property name="sun.io.unicode.encoding" value="UnicodeLittle"/>
    <property name="sun.stdout.encoding" value="ms936"/>
    <property name="sun.desktop" value="windows"/>
    <property name="sun.cpu.isalist" value="amd64"/>
  </properties>
</testsuite>