<?xml version="1.0" encoding="UTF-8"?>
<!-- Generated by org.testng.reporters.JUnitReportReporter -->
<testsuite hostname="ake-PC" name="com.wymall.test.testcases.system.miniprogram_user.Miniprogram_userPage_005_setStartuse_Test" tests="1" failures="0" timestamp="24 Aug 2018 04:05:37 GMT" time="6.681" errors="0">
  <testcase name="setStartuse" time="6.681" classname="com.wymall.test.testcases.system.miniprogram_user.Miniprogram_userPage_005_setStartuse_Test"/>
</testsuite> <!-- com.wymall.test.testcases.system.miniprogram_user.Miniprogram_userPage_005_setStartuse_Test -->
