<?xml version="1.0" encoding="UTF-8"?>
<!-- Generated by org.testng.reporters.JUnitReportReporter -->
<testsuite hostname="yrb-PC" name="com.wymall.test.testcases.parking_group.Parking_groupPage_004_editParkingGroup_Test" tests="1" failures="0" timestamp="2 Aug 2018 08:47:38 GMT" time="6.243" errors="0">
  <testcase name="editParkingGroup" time="6.243" classname="com.wymall.test.testcases.parking_group.Parking_groupPage_004_editParkingGroup_Test"/>
</testsuite> <!-- com.wymall.test.testcases.parking_group.Parking_groupPage_004_editParkingGroup_Test -->
