<?xml version="1.0" encoding="UTF-8"?>
<!-- Generated by org.testng.reporters.JUnitReportReporter -->
<testsuite hostname="ake-PC" name="com.wymall.test.testcases.system.parking_group.Parking_groupPage_002_buidingParking_Test" tests="1" failures="0" timestamp="24 Aug 2018 04:05:37 GMT" time="33.877" errors="0">
  <testcase name="buidingParking" time="33.877" classname="com.wymall.test.testcases.system.parking_group.Parking_groupPage_002_buidingParking_Test"/>
</testsuite> <!-- com.wymall.test.testcases.system.parking_group.Parking_groupPage_002_buidingParking_Test -->
