<?xml version="1.0" encoding="UTF-8"?>
<!-- Generated by org.testng.reporters.JUnitReportReporter -->
<testsuite hostname="ake-PC" name="com.wymall.test.testcases.monthticket.monthTicketSetting.MonthTicketSettingPage_001_addTicketSetting_Test" tests="1" failures="0" timestamp="17 Aug 2018 07:33:50 GMT" time="22.694" errors="0">
  <testcase name="addTicketSetting" time="22.694" classname="com.wymall.test.testcases.monthticket.monthTicketSetting.MonthTicketSettingPage_001_addTicketSetting_Test"/>
</testsuite> <!-- com.wymall.test.testcases.monthticket.monthTicketSetting.MonthTicketSettingPage_001_addTicketSetting_Test -->
