<?xml version="1.0" encoding="UTF-8"?>
<!-- Generated by org.testng.reporters.JUnitReportReporter -->
<testsuite hostname="yrb-PC" name="com.wymall.test.testcases.miniprogram_user.Miniprogram_userPage_005_setStartuse_Test" tests="1" failures="0" timestamp="3 Aug 2018 05:51:45 GMT" time="6.773" errors="0">
  <testcase name="setStartuse" time="6.773" classname="com.wymall.test.testcases.miniprogram_user.Miniprogram_userPage_005_setStartuse_Test"/>
</testsuite> <!-- com.wymall.test.testcases.miniprogram_user.Miniprogram_userPage_005_setStartuse_Test -->
