<?xml version="1.0" encoding="UTF-8"?>
<!-- Generated by org.testng.reporters.JUnitReportReporter -->
<testsuite hostname="yrb-PC" name="com.wymall.test.testcases.user.UserPage_001_addUser_Test" tests="1" failures="0" timestamp="3 Aug 2018 08:04:08 GMT" time="7.300" errors="0">
  <testcase name="addUser" time="7.300" classname="com.wymall.test.testcases.user.UserPage_001_addUser_Test"/>
</testsuite> <!-- com.wymall.test.testcases.user.UserPage_001_addUser_Test -->
