<?xml version="1.0" encoding="UTF-8"?>
<!-- Generated by org.testng.reporters.JUnitReportReporter -->
<testsuite hostname="ake-PC" name="com.wymall.test.testcases.preferential.sell.SellPage_002_returnVoucher_Test" tests="1" failures="0" timestamp="24 Aug 2018 04:05:37 GMT" time="11.336" errors="0">
  <testcase name="returnVoucher" time="11.336" classname="com.wymall.test.testcases.preferential.sell.SellPage_002_returnVoucher_Test"/>
</testsuite> <!-- com.wymall.test.testcases.preferential.sell.SellPage_002_returnVoucher_Test -->
