<?xml version="1.0" encoding="UTF-8"?>
<!-- Generated by org.testng.reporters.JUnitReportReporter -->
<testsuite hostname="yrb-PC" name="com.wymall.test.testcases.miniprogram_user.Miniprogram_userPage_006_delMinProUser_Test" tests="1" failures="0" timestamp="3 Aug 2018 05:52:35 GMT" time="8.567" errors="0">
  <testcase name="delMinProUser" time="8.567" classname="com.wymall.test.testcases.miniprogram_user.Miniprogram_userPage_006_delMinProUser_Test"/>
</testsuite> <!-- com.wymall.test.testcases.miniprogram_user.Miniprogram_userPage_006_delMinProUser_Test -->
