<?xml version="1.0" encoding="UTF-8"?>
<!-- Generated by org.testng.reporters.JUnitReportReporter -->
<testsuite hostname="yrb-PC" name="com.wymall.test.testcases.user.UserPage_004_editPassword_Test" tests="1" failures="0" timestamp="3 Aug 2018 08:04:08 GMT" time="5.623" errors="0">
  <testcase name="editPassword" time="5.623" classname="com.wymall.test.testcases.user.UserPage_004_editPassword_Test"/>
</testsuite> <!-- com.wymall.test.testcases.user.UserPage_004_editPassword_Test -->
