<?xml version="1.0" encoding="UTF-8"?>
<!-- Generated by org.testng.reporters.JUnitReportReporter -->
<testsuite hostname="ake-PC" name="test.Autotest" tests="1" failures="0" timestamp="15 Aug 2018 06:26:59 GMT" time="0.002" errors="0">
  <testcase name="runOtherTest2" time="0.002" classname="test.Autotest"/>
</testsuite> <!-- test.Autotest -->
