<?xml version="1.0" encoding="UTF-8"?>
<!-- Generated by org.testng.reporters.JUnitReportReporter -->
<testsuite hostname="yrb-PC" name="com.wymall.test.testcases.role.RolePage_003_editRole_Test" tests="1" failures="0" timestamp="2 Aug 2018 07:33:50 GMT" time="7.638" errors="0">
  <testcase name="editRole" time="7.638" classname="com.wymall.test.testcases.role.RolePage_003_editRole_Test"/>
</testsuite> <!-- com.wymall.test.testcases.role.RolePage_003_editRole_Test -->
