<?xml version="1.0" encoding="UTF-8"?>
<!-- Generated by org.testng.reporters.JUnitReportReporter -->
<testsuite hostname="ake-PC" name="com.wymall.test.testcases.parking.passAndOut.PassAndOutPage_003_checkLeaveCar_Test" tests="1" failures="0" timestamp="24 Aug 2018 08:39:22 GMT" time="22.305" errors="0">
  <testcase name="checkLeaveCar" time="22.305" classname="com.wymall.test.testcases.parking.passAndOut.PassAndOutPage_003_checkLeaveCar_Test"/>
</testsuite> <!-- com.wymall.test.testcases.parking.passAndOut.PassAndOutPage_003_checkLeaveCar_Test -->
