<?xml version="1.0" encoding="UTF-8"?>
<!-- Generated by org.testng.reporters.JUnitReportReporter -->
<testsuite hostname="yrb-PC" name="com.wymall.test.testcases.childOperator.ChildOperatorPage_002_unlockOperator_Test" tests="1" failures="0" timestamp="4 Aug 2018 03:59:40 GMT" time="5.389" errors="0">
  <testcase name="unlockOperator" time="5.389" classname="com.wymall.test.testcases.childOperator.ChildOperatorPage_002_unlockOperator_Test"/>
</testsuite> <!-- com.wymall.test.testcases.childOperator.ChildOperatorPage_002_unlockOperator_Test -->
