<?xml version="1.0" encoding="UTF-8"?>
<!-- Generated by org.testng.reporters.JUnitReportReporter -->
<testsuite hostname="ake-PC" name="com.wymall.test.testcases.system.childOperator.ChildOperatorPage_003_editOperator_Test" tests="1" failures="0" timestamp="24 Aug 2018 04:05:37 GMT" time="12.012" errors="0">
  <testcase name="editOperator" time="12.012" classname="com.wymall.test.testcases.system.childOperator.ChildOperatorPage_003_editOperator_Test"/>
</testsuite> <!-- com.wymall.test.testcases.system.childOperator.ChildOperatorPage_003_editOperator_Test -->
