<?xml version="1.0" encoding="UTF-8"?>
<!-- Generated by org.testng.reporters.JUnitReportReporter -->
<testsuite hostname="ake-PC" name="com.wymall.test.testcases.system.role.RolePage_002_settingRole_Test" tests="1" failures="0" timestamp="28 Aug 2018 02:52:52 GMT" time="11.929" errors="0">
  <testcase name="settingRole" time="11.929" classname="com.wymall.test.testcases.system.role.RolePage_002_settingRole_Test"/>
</testsuite> <!-- com.wymall.test.testcases.system.role.RolePage_002_settingRole_Test -->
