<?xml version="1.0" encoding="UTF-8"?>
<!-- Generated by org.testng.reporters.JUnitReportReporter -->
<testsuite hostname="yrb-PC" name="com.wymall.test.testcases.miniprogram_user.Miniprogram_userPage_001_addMinProUser_Test" tests="1" failures="0" timestamp="3 Aug 2018 01:38:17 GMT" time="169.071" errors="0">
  <testcase name="addMinProUser" time="169.071" classname="com.wymall.test.testcases.miniprogram_user.Miniprogram_userPage_001_addMinProUser_Test"/>
</testsuite> <!-- com.wymall.test.testcases.miniprogram_user.Miniprogram_userPage_001_addMinProUser_Test -->
