<?xml version="1.0" encoding="UTF-8"?>
<!-- Generated by org.testng.reporters.JUnitReportReporter -->
<testsuite hostname="yrb-PC" name="com.wymall.test.testcases.parking_group.Parking_groupPage_001_addParkingGroup_Test" tests="1" failures="0" timestamp="2 Aug 2018 08:37:44 GMT" time="18.927" errors="0">
  <testcase name="addParkingGroup" time="18.927" classname="com.wymall.test.testcases.parking_group.Parking_groupPage_001_addParkingGroup_Test"/>
</testsuite> <!-- com.wymall.test.testcases.parking_group.Parking_groupPage_001_addParkingGroup_Test -->
