<?xml version="1.0" encoding="UTF-8"?>
<!-- Generated by org.testng.reporters.JUnitReportReporter -->
<testsuite hostname="ake-PC" name="com.wymall.test.testcases.system.parking_group.Parking_groupPage_004_editParkingGroup_Test" tests="1" failures="0" timestamp="24 Aug 2018 04:05:37 GMT" time="16.693" errors="0">
  <testcase name="editParkingGroup" time="16.693" classname="com.wymall.test.testcases.system.parking_group.Parking_groupPage_004_editParkingGroup_Test"/>
</testsuite> <!-- com.wymall.test.testcases.system.parking_group.Parking_groupPage_004_editParkingGroup_Test -->
