<?xml version="1.0" encoding="UTF-8"?>
<!-- Generated by org.testng.reporters.JUnitReportReporter -->
<testsuite hostname="yrb-PC" name="com.wymall.test.testcases.parking_group.Parking_groupPage_005_delParkingGroup_Test" tests="1" failures="0" timestamp="2 Aug 2018 09:05:14 GMT" time="5.964" errors="0">
  <testcase name="delParkingGroup" time="5.964" classname="com.wymall.test.testcases.parking_group.Parking_groupPage_005_delParkingGroup_Test"/>
</testsuite> <!-- com.wymall.test.testcases.parking_group.Parking_groupPage_005_delParkingGroup_Test -->
