<?xml version="1.0" encoding="UTF-8"?>
<!-- Generated by org.testng.reporters.JUnitReportReporter -->
<testsuite hostname="yrb-PC" name="com.wymall.test.testcases.miniprogram_user.Miniprogram_userPage_003_editUser_Test" tests="1" failures="0" timestamp="3 Aug 2018 05:49:34 GMT" time="10.182" errors="0">
  <testcase name="editUser" time="10.182" classname="com.wymall.test.testcases.miniprogram_user.Miniprogram_userPage_003_editUser_Test"/>
</testsuite> <!-- com.wymall.test.testcases.miniprogram_user.Miniprogram_userPage_003_editUser_Test -->
