<?xml version="1.0" encoding="UTF-8"?>
<!-- Generated by org.testng.reporters.JUnitReportReporter -->
<testsuite hostname="ake-PC" name="com.wymall.test.testcases.monthticket.vipType.VipTypePage_001_addVipType_Test" tests="1" failures="0" timestamp="24 Aug 2018 04:05:37 GMT" time="26.364" errors="0">
  <testcase name="addVipType" time="26.364" classname="com.wymall.test.testcases.monthticket.vipType.VipTypePage_001_addVipType_Test"/>
</testsuite> <!-- com.wymall.test.testcases.monthticket.vipType.VipTypePage_001_addVipType_Test -->
