<?xml version="1.0" encoding="UTF-8"?>
<!-- Generated by org.testng.reporters.JUnitReportReporter -->
<testsuite hostname="ake-PC" name="com.wymall.test.testcases.monthticket.monthTicketManager.MonthTicketManagerPage_007_editExternalTicket_Test" tests="1" failures="0" timestamp="24 Aug 2018 04:05:37 GMT" time="22.754" errors="0">
  <testcase name="editExternalTicket" time="22.754" classname="com.wymall.test.testcases.monthticket.monthTicketManager.MonthTicketManagerPage_007_editExternalTicket_Test"/>
</testsuite> <!-- com.wymall.test.testcases.monthticket.monthTicketManager.MonthTicketManagerPage_007_editExternalTicket_Test -->
