<?xml version="1.0" encoding="UTF-8"?>
<!-- Generated by org.testng.reporters.JUnitReportReporter -->
<testsuite hostname="yrb-PC" name="com.wymall.test.testcases.childOperator.ChildOperatorPage_001_addChildOperator_Test" tests="1" failures="0" timestamp="4 Aug 2018 03:59:40 GMT" time="101.735" errors="0">
  <testcase name="addChildOperator" time="101.735" classname="com.wymall.test.testcases.childOperator.ChildOperatorPage_001_addChildOperator_Test"/>
</testsuite> <!-- com.wymall.test.testcases.childOperator.ChildOperatorPage_001_addChildOperator_Test -->
