<?xml version="1.0" encoding="UTF-8"?>
<!-- Generated by org.testng.reporters.JUnitReportReporter -->
<testsuite hostname="ake-PC" name="com.wymall.test.testcases.monthticket.monthTicketManager.MonthTicketManagerPage_005_addExternalTicket_Test" tests="1" failures="0" timestamp="24 Aug 2018 04:05:37 GMT" time="41.452" errors="0">
  <testcase name="addExternalTicket" time="41.452" classname="com.wymall.test.testcases.monthticket.monthTicketManager.MonthTicketManagerPage_005_addExternalTicket_Test"/>
</testsuite> <!-- com.wymall.test.testcases.monthticket.monthTicketManager.MonthTicketManagerPage_005_addExternalTicket_Test -->
