<?xml version="1.0" encoding="UTF-8"?>
<!-- Generated by org.testng.reporters.JUnitReportReporter -->
<testsuite hostname="ake-PC" name="com.wymall.test.testcases.monthticket.monthTicketManager.MonthTicketManagerPage_001_addInternalTicket_Test" tests="1" failures="0" timestamp="28 Aug 2018 07:13:21 GMT" time="39.932" errors="0">
  <testcase name="addInternalTicket" time="39.932" classname="com.wymall.test.testcases.monthticket.monthTicketManager.MonthTicketManagerPage_001_addInternalTicket_Test"/>
</testsuite> <!-- com.wymall.test.testcases.monthticket.monthTicketManager.MonthTicketManagerPage_001_addInternalTicket_Test -->
