<?xml version="1.0" encoding="UTF-8"?>
<!-- Generated by org.testng.reporters.JUnitReportReporter -->
<testsuite hostname="ake-PC" name="com.wymall.test.testcases.system.role.RolePage_003_editRole_Test" tests="1" failures="0" timestamp="28 Aug 2018 02:52:52 GMT" time="10.916" errors="0">
  <testcase name="editRole" time="10.916" classname="com.wymall.test.testcases.system.role.RolePage_003_editRole_Test"/>
</testsuite> <!-- com.wymall.test.testcases.system.role.RolePage_003_editRole_Test -->
