<?xml version="1.0" encoding="UTF-8"?>
<!-- Generated by org.testng.reporters.JUnitReportReporter -->
<testsuite hostname="ake-PC" name="com.wymall.test.testcases.system.miniprogram_user.Miniprogram_userPage_003_editUser_Test" tests="1" failures="0" timestamp="24 Aug 2018 04:05:37 GMT" time="9.353" errors="0">
  <testcase name="editUser" time="9.353" classname="com.wymall.test.testcases.system.miniprogram_user.Miniprogram_userPage_003_editUser_Test"/>
</testsuite> <!-- com.wymall.test.testcases.system.miniprogram_user.Miniprogram_userPage_003_editUser_Test -->
