<?xml version="1.0" encoding="UTF-8"?>
<!-- Generated by org.testng.reporters.JUnitReportReporter -->
<testsuite hostname="ake-PC" name="com.wymall.test.testcases.parking.passAndOut.PassAndOutPage_002_checkChargeBill_Test" tests="1" failures="0" timestamp="24 Aug 2018 08:39:22 GMT" time="37.602" errors="0">
  <testcase name="checkChargeBill" time="37.602" classname="com.wymall.test.testcases.parking.passAndOut.PassAndOutPage_002_checkChargeBill_Test"/>
</testsuite> <!-- com.wymall.test.testcases.parking.passAndOut.PassAndOutPage_002_checkChargeBill_Test -->
