<?xml version="1.0" encoding="UTF-8"?>
<!-- Generated by org.testng.reporters.JUnitReportReporter -->
<testsuite hostname="yrb-PC" name="com.wymall.test.testcases.role.RolePage_001_addRoleSuccess_Test" tests="1" failures="0" timestamp="2 Aug 2018 07:33:50 GMT" time="10.601" errors="0">
  <testcase name="addRoleSuccess" time="10.601" classname="com.wymall.test.testcases.role.RolePage_001_addRoleSuccess_Test"/>
</testsuite> <!-- com.wymall.test.testcases.role.RolePage_001_addRoleSuccess_Test -->
