<?xml version="1.0" encoding="UTF-8"?>
<!-- Generated by org.testng.reporters.JUnitReportReporter -->
<testsuite hostname="ake-PC" name="com.wymall.test.testcases.parking.carInfoManager.CarInfoManagerPage_007_delBlacklistCar_Test" tests="1" failures="0" timestamp="24 Aug 2018 08:39:22 GMT" time="10.445" errors="0">
  <testcase name="delBlacklistCar" time="10.445" classname="com.wymall.test.testcases.parking.carInfoManager.CarInfoManagerPage_007_delBlacklistCar_Test"/>
</testsuite> <!-- com.wymall.test.testcases.parking.carInfoManager.CarInfoManagerPage_007_delBlacklistCar_Test -->
