<?xml version="1.0" encoding="UTF-8"?>
<!-- Generated by org.testng.reporters.JUnitReportReporter -->
<testsuite hostname="ake-PC" name="com.wymall.test.testcases.parking.carInfoManager.CarInfoManagerPage_002_filterVisitorCar_Test" tests="1" failures="0" timestamp="24 Aug 2018 08:39:22 GMT" time="7.467" errors="0">
  <testcase name="filterVisitorCar" time="7.467" classname="com.wymall.test.testcases.parking.carInfoManager.CarInfoManagerPage_002_filterVisitorCar_Test"/>
</testsuite> <!-- com.wymall.test.testcases.parking.carInfoManager.CarInfoManagerPage_002_filterVisitorCar_Test -->
