<?xml version="1.0" encoding="UTF-8"?>
<!-- Generated by org.testng.reporters.JUnitReportReporter -->
<testsuite hostname="yrb-PC" name="com.wymall.test.testcases.miniprogram_user.Miniprogram_userPage_002_setPower_Test" tests="1" failures="0" timestamp="3 Aug 2018 05:44:52 GMT" time="32.704" errors="0">
  <testcase name="setPower" time="32.704" classname="com.wymall.test.testcases.miniprogram_user.Miniprogram_userPage_002_setPower_Test"/>
</testsuite> <!-- com.wymall.test.testcases.miniprogram_user.Miniprogram_userPage_002_setPower_Test -->
