<?xml version="1.0" encoding="UTF-8"?>
<!-- Generated by org.testng.reporters.JUnitReportReporter -->
<testsuite hostname="ake-PC" name="com.wymall.test.testcases.monthticket.parkCustomerInfo.ParkCustomerInfoPage_003_delCarUserInfo_Test" tests="1" failures="0" timestamp="24 Aug 2018 04:05:37 GMT" time="8.649" errors="0">
  <testcase name="delCarUserInfo" time="8.649" classname="com.wymall.test.testcases.monthticket.parkCustomerInfo.ParkCustomerInfoPage_003_delCarUserInfo_Test"/>
</testsuite> <!-- com.wymall.test.testcases.monthticket.parkCustomerInfo.ParkCustomerInfoPage_003_delCarUserInfo_Test -->
