<?xml version="1.0" encoding="UTF-8"?>
<!-- Generated by org.testng.reporters.JUnitReportReporter -->
<testsuite hostname="ake-PC" name="com.wymall.test.testcases.monthticket.monthTicketManager.MonthTicketManagerPage_010_delExternalTicket_Test" tests="1" failures="0" timestamp="24 Aug 2018 04:05:37 GMT" time="19.462" errors="0">
  <testcase name="delExternalTicket" time="19.462" classname="com.wymall.test.testcases.monthticket.monthTicketManager.MonthTicketManagerPage_010_delExternalTicket_Test"/>
</testsuite> <!-- com.wymall.test.testcases.monthticket.monthTicketManager.MonthTicketManagerPage_010_delExternalTicket_Test -->
