<?xml version="1.0" encoding="UTF-8"?>
<!-- Generated by org.testng.reporters.JUnitReportReporter -->
<testsuite hostname="ake-PC" name="com.wymall.test.testcases.system.parking_group.Parking_groupPage_001_addParkingGroup_Test" tests="1" failures="0" timestamp="24 Aug 2018 04:05:37 GMT" time="15.131" errors="0">
  <testcase name="addParkingGroup" time="15.131" classname="com.wymall.test.testcases.system.parking_group.Parking_groupPage_001_addParkingGroup_Test"/>
</testsuite> <!-- com.wymall.test.testcases.system.parking_group.Parking_groupPage_001_addParkingGroup_Test -->
