<?xml version="1.0" encoding="UTF-8"?>
<!-- Generated by org.testng.reporters.JUnitReportReporter -->
<testsuite hostname="ake-PC" name="com.wymall.test.testcases.preferential.sell.SellPage_001_addSellTicket_Test" tests="1" failures="0" timestamp="24 Aug 2018 04:05:37 GMT" time="21.930" errors="0">
  <testcase name="addSellTicket" time="21.930" classname="com.wymall.test.testcases.preferential.sell.SellPage_001_addSellTicket_Test"/>
</testsuite> <!-- com.wymall.test.testcases.preferential.sell.SellPage_001_addSellTicket_Test -->
