<?xml version="1.0" encoding="UTF-8"?>
<!-- Generated by org.testng.reporters.JUnitReportReporter -->
<testsuite hostname="yrb-PC" name="com.wymall.test.testcases.parking_group.Parking_groupPage_003_checkUser_Test" tests="1" failures="0" timestamp="2 Aug 2018 08:46:46 GMT" time="6.010" errors="0">
  <testcase name="checkUser" time="6.010" classname="com.wymall.test.testcases.parking_group.Parking_groupPage_003_checkUser_Test"/>
</testsuite> <!-- com.wymall.test.testcases.parking_group.Parking_groupPage_003_checkUser_Test -->
