<?xml version="1.0" encoding="UTF-8"?>
<!-- Generated by org.testng.reporters.JUnitReportReporter -->
<testsuite hostname="yrb-PC" name="com.wymall.test.testcases.parking_group.Parking_groupPage_002_buidingParking_Test" tests="1" failures="0" timestamp="2 Aug 2018 08:39:42 GMT" time="7.083" errors="0">
  <testcase name="buidingParking" time="7.083" classname="com.wymall.test.testcases.parking_group.Parking_groupPage_002_buidingParking_Test"/>
</testsuite> <!-- com.wymall.test.testcases.parking_group.Parking_groupPage_002_buidingParking_Test -->
