<?xml version="1.0" encoding="UTF-8"?>
<!-- Generated by org.testng.reporters.JUnitReportReporter -->
<testsuite hostname="ake-PC" name="test.Aketest" tests="2" failures="0" timestamp="20 Aug 2018 01:28:15 GMT" time="0.623" errors="0">
  <testcase name="getWindowMethod2" time="0.239" classname="test.Aketest"/>
  <testcase name="getWindowMethod3" time="0.384" classname="test.Aketest"/>
</testsuite> <!-- test.Aketest -->
