<?xml version="1.0" encoding="UTF-8"?>
<!-- Generated by org.testng.reporters.JUnitReportReporter -->
<testsuite hostname="ake-PC" name="com.wymall.test.testcases.monthticket.monthTicketBill.MonthTicketBillPage_004_refundMoney_Test" tests="1" failures="0" timestamp="24 Aug 2018 04:05:37 GMT" time="18.865" errors="0">
  <testcase name="refundMoney" time="18.865" classname="com.wymall.test.testcases.monthticket.monthTicketBill.MonthTicketBillPage_004_refundMoney_Test"/>
</testsuite> <!-- com.wymall.test.testcases.monthticket.monthTicketBill.MonthTicketBillPage_004_refundMoney_Test -->
