<?xml version="1.0" encoding="UTF-8"?>
<!-- Generated by org.testng.reporters.JUnitReportReporter -->
<testsuite hostname="ake-PC" name="com.wymall.test.testcases.monthticket.vipType.VipTypePage_003_filterTicketSetting_Test" tests="1" failures="0" timestamp="22 Aug 2018 06:19:18 GMT" time="8.057" errors="0">
  <testcase name="filterTicketSetting" time="8.057" classname="com.wymall.test.testcases.monthticket.vipType.VipTypePage_003_filterTicketSetting_Test"/>
</testsuite> <!-- com.wymall.test.testcases.monthticket.vipType.VipTypePage_003_filterTicketSetting_Test -->
