<?xml version="1.0" encoding="UTF-8"?>
<!-- Generated by org.testng.reporters.JUnitReportReporter -->
<testsuite hostname="ake-PC" name="com.wymall.test.testcases.preferential.voucher.VoucherPage_002_editVoucher_Test" tests="1" failures="0" timestamp="24 Aug 2018 04:05:37 GMT" time="37.235" errors="0">
  <testcase name="editVoucher" time="37.235" classname="com.wymall.test.testcases.preferential.voucher.VoucherPage_002_editVoucher_Test"/>
</testsuite> <!-- com.wymall.test.testcases.preferential.voucher.VoucherPage_002_editVoucher_Test -->
